{"name": "test_logout", "status": "broken", "statusDetails": {"message": "selenium.common.exceptions.NoSuchElementException: Message: no such element: Unable to locate element: {\"method\":\"css selector\",\"selector\":\"[id=\"welcome\"]\"}\n  (Session info: chrome=99.0.4844.84)\nStacktrace:\nBacktrace:\n\tOrdinal0 [0x00D59943+2595139]\n\tOrdinal0 [0x00CEC9F1+2148849]\n\tOrdinal0 [0x00BE4528+1066280]\n\tOrdinal0 [0x00C10FD4+1249236]\n\tOrdinal0 [0x00C111CB+1249739]\n\tOrdinal0 [0x00C3D812+1431570]\n\tOrdinal0 [0x00C2BA34+1358388]\n\tOrdinal0 [0x00C3BAF2+1424114]\n\tOrdinal0 [0x00C2B806+1357830]\n\tOrdinal0 [0x00C06086+1204358]\n\tOrdinal0 [0x00C06F96+1208214]\n\tGetHandleVerifier [0x00EFB232+1658114]\n\tGetHandleVerifier [0x00FB312C+2411516]\n\tGetHandleVerifier [0x00DEF261+560433]\n\tGetHandleVerifier [0x00DEE366+556598]\n\tOrdinal0 [0x00CF286B+2173035]\n\tOrdinal0 [0x00CF75F8+2192888]\n\tOrdinal0 [0x00CF76E5+2193125]\n\tOrdinal0 [0x00D011FC+2232828]\n\tBaseThreadInitThunk [0x7598FA29+25]\n\tRtlGetAppContainerNamedObjectPath [0x771F7A7E+286]\n\tRtlGetAppContainerNamedObjectPath [0x771F7A4E+238]", "trace": "self = <login_test.TestLogin object at 0x0000019FE8633130>\n\n    def test_logout(self):\n        driver = self.driver\n        homepage = Homepage(driver)\n>       homepage.click_welcome()\n\nlogin_test.py:22: \n_ _ _ _ _ _ _ _ _ _ _ _ _ _ _ _ _ _ _ _ _ _ _ _ _ _ _ _ _ _ _ _ _ _ _ _ _ _ _ _ _ _ _ _ _ _ _ _ _ _ _ _ _ _ _ _ _ _ _ _ _ _ _ _ _ _ _ _ _ _ _ _ _ _ _ _\n..\\pages\\homePage.py:13: in click_welcome\n    self.driver.find_element(By.ID, self.welcome_link_id).click()\n..\\venv\\lib\\site-packages\\selenium\\webdriver\\remote\\webdriver.py:1248: in find_element\n    return self.execute(Command.FIND_ELEMENT, {\n..\\venv\\lib\\site-packages\\selenium\\webdriver\\remote\\webdriver.py:425: in execute\n    self.error_handler.check_response(response)\n_ _ _ _ _ _ _ _ _ _ _ _ _ _ _ _ _ _ _ _ _ _ _ _ _ _ _ _ _ _ _ _ _ _ _ _ _ _ _ _ _ _ _ _ _ _ _ _ _ _ _ _ _ _ _ _ _ _ _ _ _ _ _ _ _ _ _ _ _ _ _ _ _ _ _ _\n\nself = <selenium.webdriver.remote.errorhandler.ErrorHandler object at 0x0000019FE8632A10>\nresponse = {'status': 404, 'value': '{\"value\":{\"error\":\"no such element\",\"message\":\"no such element: Unable to locate element: {\\...\\n\\\\tRtlGetAppContainerNamedObjectPath [0x771F7A7E+286]\\\\n\\\\tRtlGetAppContainerNamedObjectPath [0x771F7A4E+238]\\\\n\"}}'}\n\n    def check_response(self, response: Dict[str, Any]) -> None:\n        \"\"\"\n        Checks that a JSON response from the WebDriver does not have an error.\n    \n        :Args:\n         - response - The JSON response from the WebDriver server as a dictionary\n           object.\n    \n        :Raises: If the response contains an error message.\n        \"\"\"\n        status = response.get('status', None)\n        if not status or status == ErrorCode.SUCCESS:\n            return\n        value = None\n        message = response.get(\"message\", \"\")\n        screen: str = response.get(\"screen\", \"\")\n        stacktrace = None\n        if isinstance(status, int):\n            value_json = response.get('value', None)\n            if value_json and isinstance(value_json, str):\n                import json\n                try:\n                    value = json.loads(value_json)\n                    if len(value.keys()) == 1:\n                        value = value['value']\n                    status = value.get('error', None)\n                    if not status:\n                        status = value.get(\"status\", ErrorCode.UNKNOWN_ERROR)\n                        message = value.get(\"value\") or value.get(\"message\")\n                        if not isinstance(message, str):\n                            value = message\n                            message = message.get('message')\n                    else:\n                        message = value.get('message', None)\n                except ValueError:\n                    pass\n    \n        exception_class: Type[WebDriverException]\n        if status in ErrorCode.NO_SUCH_ELEMENT:\n            exception_class = NoSuchElementException\n        elif status in ErrorCode.NO_SUCH_FRAME:\n            exception_class = NoSuchFrameException\n        elif status in ErrorCode.NO_SUCH_SHADOW_ROOT:\n            exception_class = NoSuchShadowRootException\n        elif status in ErrorCode.NO_SUCH_WINDOW:\n            exception_class = NoSuchWindowException\n        elif status in ErrorCode.STALE_ELEMENT_REFERENCE:\n            exception_class = StaleElementReferenceException\n        elif status in ErrorCode.ELEMENT_NOT_VISIBLE:\n            exception_class = ElementNotVisibleException\n        elif status in ErrorCode.INVALID_ELEMENT_STATE:\n            exception_class = InvalidElementStateException\n        elif status in ErrorCode.INVALID_SELECTOR \\\n                or status in ErrorCode.INVALID_XPATH_SELECTOR \\\n                or status in ErrorCode.INVALID_XPATH_SELECTOR_RETURN_TYPER:\n            exception_class = InvalidSelectorException\n        elif status in ErrorCode.ELEMENT_IS_NOT_SELECTABLE:\n            exception_class = ElementNotSelectableException\n        elif status in ErrorCode.ELEMENT_NOT_INTERACTABLE:\n            exception_class = ElementNotInteractableException\n        elif status in ErrorCode.INVALID_COOKIE_DOMAIN:\n            exception_class = InvalidCookieDomainException\n        elif status in ErrorCode.UNABLE_TO_SET_COOKIE:\n            exception_class = UnableToSetCookieException\n        elif status in ErrorCode.TIMEOUT:\n            exception_class = TimeoutException\n        elif status in ErrorCode.SCRIPT_TIMEOUT:\n            exception_class = TimeoutException\n        elif status in ErrorCode.UNKNOWN_ERROR:\n            exception_class = WebDriverException\n        elif status in ErrorCode.UNEXPECTED_ALERT_OPEN:\n            exception_class = UnexpectedAlertPresentException\n        elif status in ErrorCode.NO_ALERT_OPEN:\n            exception_class = NoAlertPresentException\n        elif status in ErrorCode.IME_NOT_AVAILABLE:\n            exception_class = ImeNotAvailableException\n        elif status in ErrorCode.IME_ENGINE_ACTIVATION_FAILED:\n            exception_class = ImeActivationFailedException\n        elif status in ErrorCode.MOVE_TARGET_OUT_OF_BOUNDS:\n            exception_class = MoveTargetOutOfBoundsException\n        elif status in ErrorCode.JAVASCRIPT_ERROR:\n            exception_class = JavascriptException\n        elif status in ErrorCode.SESSION_NOT_CREATED:\n            exception_class = SessionNotCreatedException\n        elif status in ErrorCode.INVALID_ARGUMENT:\n            exception_class = InvalidArgumentException\n        elif status in ErrorCode.NO_SUCH_COOKIE:\n            exception_class = NoSuchCookieException\n        elif status in ErrorCode.UNABLE_TO_CAPTURE_SCREEN:\n            exception_class = ScreenshotException\n        elif status in ErrorCode.ELEMENT_CLICK_INTERCEPTED:\n            exception_class = ElementClickInterceptedException\n        elif status in ErrorCode.INSECURE_CERTIFICATE:\n            exception_class = InsecureCertificateException\n        elif status in ErrorCode.INVALID_COORDINATES:\n            exception_class = InvalidCoordinatesException\n        elif status in ErrorCode.INVALID_SESSION_ID:\n            exception_class = InvalidSessionIdException\n        elif status in ErrorCode.UNKNOWN_METHOD:\n            exception_class = UnknownMethodException\n        else:\n            exception_class = WebDriverException\n        if not value:\n            value = response['value']\n        if isinstance(value, str):\n            raise exception_class(value)\n        if message == \"\" and 'message' in value:\n            message = value['message']\n    \n        screen = None  # type: ignore[assignment]\n        if 'screen' in value:\n            screen = value['screen']\n    \n        stacktrace = None\n        st_value = value.get('stackTrace') or value.get('stacktrace')\n        if st_value:\n            if isinstance(st_value, str):\n                stacktrace = st_value.split('\\n')\n            else:\n                stacktrace = []\n                try:\n                    for frame in st_value:\n                        line = self._value_or_default(frame, 'lineNumber', '')\n                        file = self._value_or_default(frame, 'fileName', '<anonymous>')\n                        if line:\n                            file = \"%s:%s\" % (file, line)\n                        meth = self._value_or_default(frame, 'methodName', '<anonymous>')\n                        if 'className' in frame:\n                            meth = \"%s.%s\" % (frame['className'], meth)\n                        msg = \"    at %s (%s)\"\n                        msg = msg % (meth, file)\n                        stacktrace.append(msg)\n                except TypeError:\n                    pass\n        if exception_class == UnexpectedAlertPresentException:\n            alert_text = None\n            if 'data' in value:\n                alert_text = value['data'].get('text')\n            elif 'alert' in value:\n                alert_text = value['alert'].get('text')\n            raise exception_class(message, screen, stacktrace, alert_text)  # type: ignore[call-arg]  # mypy is not smart enough here\n>       raise exception_class(message, screen, stacktrace)\nE       selenium.common.exceptions.NoSuchElementException: Message: no such element: Unable to locate element: {\"method\":\"css selector\",\"selector\":\"[id=\"welcome\"]\"}\nE         (Session info: chrome=99.0.4844.84)\nE       Stacktrace:\nE       Backtrace:\nE       \tOrdinal0 [0x00D59943+2595139]\nE       \tOrdinal0 [0x00CEC9F1+2148849]\nE       \tOrdinal0 [0x00BE4528+1066280]\nE       \tOrdinal0 [0x00C10FD4+1249236]\nE       \tOrdinal0 [0x00C111CB+1249739]\nE       \tOrdinal0 [0x00C3D812+1431570]\nE       \tOrdinal0 [0x00C2BA34+1358388]\nE       \tOrdinal0 [0x00C3BAF2+1424114]\nE       \tOrdinal0 [0x00C2B806+1357830]\nE       \tOrdinal0 [0x00C06086+1204358]\nE       \tOrdinal0 [0x00C06F96+1208214]\nE       \tGetHandleVerifier [0x00EFB232+1658114]\nE       \tGetHandleVerifier [0x00FB312C+2411516]\nE       \tGetHandleVerifier [0x00DEF261+560433]\nE       \tGetHandleVerifier [0x00DEE366+556598]\nE       \tOrdinal0 [0x00CF286B+2173035]\nE       \tOrdinal0 [0x00CF75F8+2192888]\nE       \tOrdinal0 [0x00CF76E5+2193125]\nE       \tOrdinal0 [0x00D011FC+2232828]\nE       \tBaseThreadInitThunk [0x7598FA29+25]\nE       \tRtlGetAppContainerNamedObjectPath [0x771F7A7E+286]\nE       \tRtlGetAppContainerNamedObjectPath [0x771F7A4E+238]\n\n..\\venv\\lib\\site-packages\\selenium\\webdriver\\remote\\errorhandler.py:247: NoSuchElementException"}, "attachments": [{"name": "stdout", "source": "c5ad2ac1-4e86-4d34-b432-2da006a22c44-attachment.txt", "type": "text/plain"}], "start": 1649237453097, "stop": 1649237455122, "uuid": "81cae12c-0a98-4c57-b63c-09febcf78633", "historyId": "9835fe033dd59484781dfd7fcf871ed7", "testCaseId": "90e9c5651cd2c66a0246003d9e6d4159", "fullName": "login_test.TestLogin#test_logout", "labels": [{"name": "tag", "value": "@pytest.mark.usefixtures('test_setup')"}, {"name": "suite", "value": "login_test"}, {"name": "subSuite", "value": "TestLogin"}, {"name": "host", "value": "LAPTOP-20DEEN3N"}, {"name": "thread", "value": "15028-MainThread"}, {"name": "framework", "value": "pytest"}, {"name": "language", "value": "cpython3"}, {"name": "package", "value": "login_test"}]}